\BOOKMARK [1][-]{section.1}{\376\377\000T\000e\000m\000a\000\040\000a\000l\000e\000a\000s\001\003}{}% 1
\BOOKMARK [1][-]{section.2}{\376\377\000S\000t\000r\000u\000c\000t\000u\000r\000i\000l\000e\000\040\000d\000e\000\040\000d\000a\000t\000e\000\040\000a\000l\000e\000s\000e}{}% 2
\BOOKMARK [2][-]{subsection.2.1}{\376\377\000A\000V\000L\000\040\000T\000r\000e\000e}{section.2}% 3
\BOOKMARK [3][-]{subsubsection.2.1.1}{\376\377\000A\000v\000a\000n\000t\000a\000j\000e\000l\000e\000\040\000f\000o\000l\000o\000s\000i\000r\000i\000i\000\040\000u\000n\000u\000i\000\040\000A\000V\000L\000\040\000T\000r\000e\000e}{subsection.2.1}% 4
\BOOKMARK [3][-]{subsubsection.2.1.2}{\376\377\000D\000e\000z\000a\000v\000a\000n\000t\000a\000j\000e\000l\000e\000\040\000f\000o\000l\000o\000s\000i\000r\000i\000i\000\040\000u\000n\000u\000i\000\040\000A\000V\000L\000\040\000T\000r\000e\000e}{subsection.2.1}% 5
\BOOKMARK [3][-]{subsubsection.2.1.3}{\376\377\000U\000t\000i\000l\000i\000z\001\003\000r\000i\000\040\000p\000r\000a\000c\000t\000i\000c\000e\000\040\000a\000l\000e\000\040\000s\000t\000r\000u\000c\000t\000u\000r\000i\000i\000\040\000A\000V\000L\000\040\000T\000r\000e\000e}{subsection.2.1}% 6
\BOOKMARK [2][-]{subsection.2.2}{\376\377\000S\000e\000g\000m\000e\000n\000t\000\040\000T\000r\000e\000e}{section.2}% 7
\BOOKMARK [3][-]{subsubsection.2.2.1}{\376\377\000A\000v\000a\000n\000t\000a\000j\000e\000l\000e\000\040\000u\000t\000i\000l\000i\000z\001\003\000r\000i\000i\000\040\000u\000n\000u\000i\000\040\000S\000e\000g\000m\000e\000n\000t\000\040\000T\000r\000e\000e}{subsection.2.2}% 8
\BOOKMARK [3][-]{subsubsection.2.2.2}{\376\377\000D\000e\000z\000v\000a\000n\000t\000a\000j\000e\000l\000e\000\040\000u\000t\000i\000l\000i\000z\001\003\000r\000i\000i\000\040\000u\000n\000u\000i\000\040\000S\000e\000g\000m\000e\000n\000t\000\040\000T\000r\000e\000e}{subsection.2.2}% 9
\BOOKMARK [3][-]{subsubsection.2.2.3}{\376\377\000U\000t\000i\000l\000i\000z\001\003\000r\000i\000\040\000p\000r\000a\000c\000t\000i\000c\000e\000\040\000a\000l\000e\000\040\000s\000t\000r\000u\000c\000t\000u\000r\000i\000i\000\040\000S\000e\000g\000m\000e\000n\000t\000\040\000T\000r\000e\000e}{subsection.2.2}% 10
\BOOKMARK [1][-]{section.3}{\376\377\000A\000n\000a\000l\000i\000z\000a\000\040\000o\000p\000e\000r\000a\001\143\000i\000i\000l\000o\000r\000\040\000s\000p\000e\000c\000i\000f\000i\000c\000e}{}% 11
\BOOKMARK [2][-]{subsection.3.1}{\376\377\000A\000d\001\003\000u\000g\000a\000r\000e\000a\000\040\000e\000l\000e\000m\000e\000n\000t\000e\000l\000o\000r}{section.3}% 12
\BOOKMARK [3][-]{subsubsection.3.1.1}{\376\377\000A\000d\001\003\000u\000g\000a\000r\000e\000a\000\040\000u\000n\000u\000i\000\040\000e\000l\000e\000m\000e\000n\000t\000\040\000\356\000n\000t\000r\000-\000u\000n\000\040\000A\000V\000L\000\040\000T\000r\000e\000e}{subsection.3.1}% 13
\BOOKMARK [3][-]{subsubsection.3.1.2}{\376\377\000A\000d\001\003\000u\000g\000a\000r\000e\000a\000\040\000u\000n\000u\000i\000\040\000e\000l\000e\000m\000e\000n\000t\000\040\000\356\000n\000t\000r\000-\000u\000n\000\040\000S\000e\000g\000m\000e\000n\000t\000\040\000T\000r\000e\000e}{subsection.3.1}% 14
\BOOKMARK [3][-]{subsubsection.3.1.3}{\376\377\000T\000e\000s\000t\000a\000r\000e\000a\000\040\000i\000m\000p\000l\000e\000m\000e\000n\000t\001\003\000r\000i\000l\000o\000r\000\040\000p\000e\000\040\000d\000i\000f\000e\000r\000i\000t\000e\000\040\000t\000e\000s\000t\000e}{subsection.3.1}% 15
\BOOKMARK [2][-]{subsection.3.2}{\376\377\001\136\000t\000e\000r\000g\000e\000r\000e\000a\000\040\000e\000l\000e\000m\000e\000n\000t\000e\000l\000o\000r}{section.3}% 16
\BOOKMARK [3][-]{subsubsection.3.2.1}{\376\377\001\136\000t\000e\000r\000g\000e\000r\000e\000a\000\040\000e\000l\000e\000m\000e\000n\000t\000e\000l\000o\000r\000\040\000d\000i\000n\000t\000r\000-\000u\000n\000\040\000A\000V\000L\000\040\000T\000r\000e\000e}{subsection.3.2}% 17
\BOOKMARK [3][-]{subsubsection.3.2.2}{\376\377\001\136\000t\000e\000r\000g\000e\000r\000e\000a\000\040\000e\000l\000e\000m\000e\000n\000t\000e\000l\000o\000r\000\040\000d\000i\000n\000t\000r\000-\000u\000n\000\040\000S\000e\000g\000m\000e\000n\000t\000\040\000T\000r\000e\000e}{subsection.3.2}% 18
\BOOKMARK [3][-]{subsubsection.3.2.3}{\376\377\000T\000e\000s\000t\000a\000r\000e\000a\000\040\000i\000m\000p\000l\000e\000m\000e\000n\000t\001\003\000r\000i\000l\000o\000r\000\040\000p\000e\000\040\000d\000i\000f\000e\000r\000i\000t\000e\000\040\000t\000e\000s\000t\000e}{subsection.3.2}% 19
\BOOKMARK [2][-]{subsection.3.3}{\376\377\000G\001\003\000s\000i\000r\000e\000a\000\040\000e\000l\000e\000m\000e\000n\000t\000u\000l\000u\000i\000\040\000m\000i\000n\000i\000m}{section.3}% 20
\BOOKMARK [3][-]{subsubsection.3.3.1}{\376\377\000G\001\003\000s\000i\000r\000e\000a\000\040\000e\000l\000e\000m\000e\000n\000t\000u\000l\000u\000i\000\040\000m\000i\000n\000i\000m\000\040\000\356\000n\000t\000r\000-\000u\000n\000\040\000A\000V\000L\000\040\000T\000r\000e\000e}{subsection.3.3}% 21
\BOOKMARK [3][-]{subsubsection.3.3.2}{\376\377\000G\001\003\000s\000i\000r\000e\000a\000\040\000e\000l\000e\000m\000e\000n\000t\000u\000l\000u\000i\000\040\000m\000i\000n\000i\000m\000\040\000\356\000n\000t\000r\000-\000u\000n\000\040\000S\000e\000g\000m\000e\000n\000t\000\040\000T\000r\000e\000e}{subsection.3.3}% 22
\BOOKMARK [3][-]{subsubsection.3.3.3}{\376\377\000T\000e\000s\000t\000a\000r\000e\000a\000\040\000i\000m\000p\000l\000e\000m\000e\000n\000t\001\003\000r\000i\000l\000o\000r\000\040\000p\000e\000\040\000d\000i\000f\000e\000r\000i\000t\000e\000\040\000t\000e\000s\000t\000e}{subsection.3.3}% 23
\BOOKMARK [2][-]{subsection.3.4}{\376\377\000G\001\003\000s\000i\000r\000e\000a\000\040\000e\000l\000e\000m\000e\000n\000t\000e\000l\000o\000r\000\040\000m\000a\000i\000\040\000m\000i\000c\000i\000\040\000d\000e\000c\000\342\000t\000\040\000u\000n\000\040\000e\000l\000e\000m\000e\000n\000t\000\040\000\356\000n\000t\000r\000-\000u\000n\000\040\000a\000r\000b\000o\000r\000e\000\040\000A\000V\000L}{section.3}% 24
\BOOKMARK [3][-]{subsubsection.3.4.1}{\376\377\000T\000e\000s\000t\000a\000r\000e\000a\000\040\000i\000m\000p\000l\000e\000m\000e\000n\000t\001\003\000r\000i\000i\000\040\000p\000e\000\040\000d\000i\000f\000e\000r\000i\000t\000e\000\040\000t\000e\000s\000t\000e}{subsection.3.4}% 25
\BOOKMARK [2][-]{subsection.3.5}{\376\377\000\316\000n\000l\000o\000c\000u\000i\000r\000e\000a\000\040\000u\000n\000u\000i\000\040\000e\000l\000e\000m\000e\000n\000t\000\040\000x\000\040\000c\000u\000\040\000y\000\040\000\356\000n\000t\000r\000-\000u\000n\000\040\000a\000r\000b\000o\000r\000e\000\040\000S\000e\000g\000m\000e\000n\000t}{section.3}% 26
\BOOKMARK [3][-]{subsubsection.3.5.1}{\376\377\000T\000e\000s\000t\000a\000r\000e\000a\000\040\000i\000m\000p\000l\000e\000m\000e\000n\000t\001\003\000r\000i\000l\000o\000r\000\040\000p\000e\000\040\000d\000i\000f\000e\000r\000i\000t\000e\000\040\000t\000e\000s\000t\000e}{subsection.3.5}% 27
\BOOKMARK [1][-]{section.4}{\376\377\000C\000o\000n\000c\000l\000u\000z\000i\000e}{}% 28
\BOOKMARK [1][-]{section.5}{\376\377\000B\000i\000b\000l\000i\000o\000g\000r\000a\000f\000i\000e}{}% 29
